<?xml version="1.0" encoding="UTF-8"?>
<!-- Generated by org.testng.reporters.JUnitXMLReporter -->
<testsuite ignored="18" hostname="DESKTOP-GOS8FTU" failures="0" tests="6" name="Test All Smoke Test Cases" time="106.769" errors="0" timestamp="2023-05-06T10:25:05 IST">
  <testcase classname="com.mystore.testcases.LoginPageTest" name="LoginTest" time="3.676"/>
  <testcase classname="com.mystore.testcases.LoginPageTest" name="LoginTest" time="4.609"/>
  <testcase classname="com.mystore.testcases.IndexPageTest" name="verifyLogo" time="0.17"/>
  <testcase classname="com.mystore.testcases.IndexPageTest" name="verifyTitle" time="0.018"/>
  <testcase classname="com.mystore.testcases.SearchResultPageTest" name="productAvablityTest" time="6.789"/>
  <testcase classname="com.mystore.testcases.HomePageTest" name="validateOrderHistery" time="3.555"/>
  <testcase classname="com.mystore.base.Baseclass" name="@BeforeTest loadconfig" time="0.0">
    <ignored/>
  </testcase> <!-- @BeforeTest loadconfig -->
  <testcase classname="com.mystore.base.Baseclass" name="@BeforeTest loadconfig" time="0.0">
    <ignored/>
  </testcase> <!-- @BeforeTest loadconfig -->
  <testcase classname="com.mystore.base.Baseclass" name="@BeforeTest loadconfig" time="0.0">
    <ignored/>
  </testcase> <!-- @BeforeTest loadconfig -->
  <testcase classname="com.mystore.base.Baseclass" name="@BeforeTest loadconfig" time="0.0">
    <ignored/>
  </testcase> <!-- @BeforeTest loadconfig -->
  <testcase classname="com.mystore.base.Baseclass" name="@BeforeTest loadconfig" time="0.0">
    <ignored/>
  </testcase> <!-- @BeforeTest loadconfig -->
  <testcase classname="com.mystore.base.Baseclass" name="@BeforeTest loadconfig" time="0.0">
    <ignored/>
  </testcase> <!-- @BeforeTest loadconfig -->
  <testcase classname="com.mystore.base.Baseclass" name="@BeforeTest loadconfig" time="0.0">
    <ignored/>
  </testcase> <!-- @BeforeTest loadconfig -->
  <testcase classname="com.mystore.base.Baseclass" name="@BeforeTest lunchbrowser" time="0.0">
    <ignored/>
  </testcase> <!-- @BeforeTest lunchbrowser -->
  <testcase classname="com.mystore.base.Baseclass" name="@BeforeTest lunchbrowser" time="0.0">
    <ignored/>
  </testcase> <!-- @BeforeTest lunchbrowser -->
  <testcase classname="com.mystore.base.Baseclass" name="@BeforeTest lunchbrowser" time="0.0">
    <ignored/>
  </testcase> <!-- @BeforeTest lunchbrowser -->
  <testcase classname="com.mystore.base.Baseclass" name="@BeforeTest lunchbrowser" time="0.0">
    <ignored/>
  </testcase> <!-- @BeforeTest lunchbrowser -->
  <testcase classname="com.mystore.base.Baseclass" name="@BeforeTest lunchbrowser" time="0.0">
    <ignored/>
  </testcase> <!-- @BeforeTest lunchbrowser -->
  <testcase classname="com.mystore.base.Baseclass" name="@BeforeTest lunchbrowser" time="0.0">
    <ignored/>
  </testcase> <!-- @BeforeTest lunchbrowser -->
  <testcase classname="com.mystore.base.Baseclass" name="@BeforeTest lunchbrowser" time="0.0">
    <ignored/>
  </testcase> <!-- @BeforeTest lunchbrowser -->
  <testcase classname="com.mystore.testcases.EndToEndTest" name="validatingEndToEndFuctionality" time="0.0">
    <ignored/>
  </testcase> <!-- validatingEndToEndFuctionality -->
  <testcase classname="com.mystore.testcases.OrderPageTest" name="validateOrderPrice" time="0.0">
    <ignored/>
  </testcase> <!-- validateOrderPrice -->
  <testcase classname="com.mystore.testcases.AddToCartPageTest" name="AddToCartTest" time="0.0">
    <ignored/>
  </testcase> <!-- AddToCartTest -->
  <testcase classname="com.mystore.testcases.AccountCreationTest" name="AccountCreationPageTest" time="0.0">
    <ignored/>
  </testcase> <!-- AccountCreationPageTest -->
</testsuite> <!-- Test All Smoke Test Cases -->
