<?xml version="1.0" encoding="UTF-8"?>
<!-- Generated by org.testng.reporters.JUnitXMLReporter -->
<testsuite ignored="14" hostname="DESKTOP-GOS8FTU" failures="0" tests="11" name="Test All TestCases" time="224.123" errors="0" timestamp="2023-05-05T22:46:14 IST">
  <testcase classname="com.mystore.testcases.LoginPageTest" name="LoginTest" time="5.442"/>
  <testcase classname="com.mystore.testcases.LoginPageTest" name="LoginTest" time="3.108"/>
  <testcase classname="com.mystore.testcases.EndToEndTest" name="validatingEndToEndFuctionality" time="30.657"/>
  <testcase classname="com.mystore.testcases.EndToEndTest" name="validatingEndToEndFuctionality" time="25.664"/>
  <testcase classname="com.mystore.testcases.AccountCreationTest" name="AccountCreationPageTest" time="6.719"/>
  <testcase classname="com.mystore.testcases.IndexPageTest" name="verifyLogo" time="0.079"/>
  <testcase classname="com.mystore.testcases.IndexPageTest" name="verifyTitle" time="0.026"/>
  <testcase classname="com.mystore.testcases.SearchResultPageTest" name="productAvablityTest" time="5.595"/>
  <testcase classname="com.mystore.testcases.HomePageTest" name="validateOrderHistery" time="3.934"/>
  <testcase classname="com.mystore.testcases.OrderPageTest" name="validateOrderPrice" time="7.521"/>
  <testcase classname="com.mystore.testcases.AddToCartPageTest" name="AddToCartTest" time="10.064"/>
  <testcase classname="com.mystore.base.Baseclass" name="@BeforeTest loadconfig" time="0.0">
    <ignored/>
  </testcase> <!-- @BeforeTest loadconfig -->
  <testcase classname="com.mystore.base.Baseclass" name="@BeforeTest loadconfig" time="0.0">
    <ignored/>
  </testcase> <!-- @BeforeTest loadconfig -->
  <testcase classname="com.mystore.base.Baseclass" name="@BeforeTest loadconfig" time="0.0">
    <ignored/>
  </testcase> <!-- @BeforeTest loadconfig -->
  <testcase classname="com.mystore.base.Baseclass" name="@BeforeTest loadconfig" time="0.0">
    <ignored/>
  </testcase> <!-- @BeforeTest loadconfig -->
  <testcase classname="com.mystore.base.Baseclass" name="@BeforeTest loadconfig" time="0.0">
    <ignored/>
  </testcase> <!-- @BeforeTest loadconfig -->
  <testcase classname="com.mystore.base.Baseclass" name="@BeforeTest loadconfig" time="0.0">
    <ignored/>
  </testcase> <!-- @BeforeTest loadconfig -->
  <testcase classname="com.mystore.base.Baseclass" name="@BeforeTest loadconfig" time="0.0">
    <ignored/>
  </testcase> <!-- @BeforeTest loadconfig -->
  <testcase classname="com.mystore.base.Baseclass" name="@BeforeTest lunchbrowser" time="0.0">
    <ignored/>
  </testcase> <!-- @BeforeTest lunchbrowser -->
  <testcase classname="com.mystore.base.Baseclass" name="@BeforeTest lunchbrowser" time="0.0">
    <ignored/>
  </testcase> <!-- @BeforeTest lunchbrowser -->
  <testcase classname="com.mystore.base.Baseclass" name="@BeforeTest lunchbrowser" time="0.0">
    <ignored/>
  </testcase> <!-- @BeforeTest lunchbrowser -->
  <testcase classname="com.mystore.base.Baseclass" name="@BeforeTest lunchbrowser" time="0.0">
    <ignored/>
  </testcase> <!-- @BeforeTest lunchbrowser -->
  <testcase classname="com.mystore.base.Baseclass" name="@BeforeTest lunchbrowser" time="0.0">
    <ignored/>
  </testcase> <!-- @BeforeTest lunchbrowser -->
  <testcase classname="com.mystore.base.Baseclass" name="@BeforeTest lunchbrowser" time="0.0">
    <ignored/>
  </testcase> <!-- @BeforeTest lunchbrowser -->
  <testcase classname="com.mystore.base.Baseclass" name="@BeforeTest lunchbrowser" time="0.0">
    <ignored/>
  </testcase> <!-- @BeforeTest lunchbrowser -->
</testsuite> <!-- Test All TestCases -->
