<?xml version="1.0" encoding="UTF-8"?>
<!-- Generated by org.testng.reporters.JUnitXMLReporter -->
<testsuite ignored="14" hostname="DESKTOP-GOS8FTU" failures="0" tests="11" name="Test All TestCases" time="227.916" errors="0" timestamp="2023-05-06T10:36:33 IST">
  <testcase classname="com.mystore.testcases.LoginPageTest" name="LoginTest" time="4.964"/>
  <testcase classname="com.mystore.testcases.LoginPageTest" name="LoginTest" time="4.889"/>
  <testcase classname="com.mystore.testcases.EndToEndTest" name="validatingEndToEndFuctionality" time="27.292"/>
  <testcase classname="com.mystore.testcases.EndToEndTest" name="validatingEndToEndFuctionality" time="30.272"/>
  <testcase classname="com.mystore.testcases.AccountCreationTest" name="AccountCreationPageTest" time="7.129"/>
  <testcase classname="com.mystore.testcases.IndexPageTest" name="verifyLogo" time="0.081"/>
  <testcase classname="com.mystore.testcases.IndexPageTest" name="verifyTitle" time="0.024"/>
  <testcase classname="com.mystore.testcases.SearchResultPageTest" name="productAvablityTest" time="7.007"/>
  <testcase classname="com.mystore.testcases.HomePageTest" name="validateOrderHistery" time="3.916"/>
  <testcase classname="com.mystore.testcases.OrderPageTest" name="validateOrderPrice" time="8.213"/>
  <testcase classname="com.mystore.testcases.AddToCartPageTest" name="AddToCartTest" time="10.291"/>
  <testcase classname="com.mystore.base.Baseclass" name="@BeforeTest loadconfig" time="0.0">
    <ignored/>
  </testcase> <!-- @BeforeTest loadconfig -->
  <testcase classname="com.mystore.base.Baseclass" name="@BeforeTest loadconfig" time="0.0">
    <ignored/>
  </testcase> <!-- @BeforeTest loadconfig -->
  <testcase classname="com.mystore.base.Baseclass" name="@BeforeTest loadconfig" time="0.0">
    <ignored/>
  </testcase> <!-- @BeforeTest loadconfig -->
  <testcase classname="com.mystore.base.Baseclass" name="@BeforeTest loadconfig" time="0.0">
    <ignored/>
  </testcase> <!-- @BeforeTest loadconfig -->
  <testcase classname="com.mystore.base.Baseclass" name="@BeforeTest loadconfig" time="0.0">
    <ignored/>
  </testcase> <!-- @BeforeTest loadconfig -->
  <testcase classname="com.mystore.base.Baseclass" name="@BeforeTest loadconfig" time="0.0">
    <ignored/>
  </testcase> <!-- @BeforeTest loadconfig -->
  <testcase classname="com.mystore.base.Baseclass" name="@BeforeTest loadconfig" time="0.0">
    <ignored/>
  </testcase> <!-- @BeforeTest loadconfig -->
  <testcase classname="com.mystore.base.Baseclass" name="@BeforeTest lunchbrowser" time="0.0">
    <ignored/>
  </testcase> <!-- @BeforeTest lunchbrowser -->
  <testcase classname="com.mystore.base.Baseclass" name="@BeforeTest lunchbrowser" time="0.0">
    <ignored/>
  </testcase> <!-- @BeforeTest lunchbrowser -->
  <testcase classname="com.mystore.base.Baseclass" name="@BeforeTest lunchbrowser" time="0.0">
    <ignored/>
  </testcase> <!-- @BeforeTest lunchbrowser -->
  <testcase classname="com.mystore.base.Baseclass" name="@BeforeTest lunchbrowser" time="0.0">
    <ignored/>
  </testcase> <!-- @BeforeTest lunchbrowser -->
  <testcase classname="com.mystore.base.Baseclass" name="@BeforeTest lunchbrowser" time="0.0">
    <ignored/>
  </testcase> <!-- @BeforeTest lunchbrowser -->
  <testcase classname="com.mystore.base.Baseclass" name="@BeforeTest lunchbrowser" time="0.0">
    <ignored/>
  </testcase> <!-- @BeforeTest lunchbrowser -->
  <testcase classname="com.mystore.base.Baseclass" name="@BeforeTest lunchbrowser" time="0.0">
    <ignored/>
  </testcase> <!-- @BeforeTest lunchbrowser -->
</testsuite> <!-- Test All TestCases -->
