<?xml version="1.0" encoding="UTF-8"?>
<!-- Generated by org.testng.reporters.JUnitXMLReporter -->
<testsuite ignored="20" hostname="DESKTOP-GOS8FTU" failures="0" tests="4" name="Test All Regression TestCases" time="115.012" errors="0" timestamp="2023-05-05T23:41:23 IST">
  <testcase classname="com.mystore.testcases.EndToEndTest" name="validatingEndToEndFuctionality" time="29.323"/>
  <testcase classname="com.mystore.testcases.EndToEndTest" name="validatingEndToEndFuctionality" time="23.981"/>
  <testcase classname="com.mystore.testcases.OrderPageTest" name="validateOrderPrice" time="7.237"/>
  <testcase classname="com.mystore.testcases.AddToCartPageTest" name="AddToCartTest" time="10.334"/>
  <testcase classname="com.mystore.base.Baseclass" name="@BeforeTest loadconfig" time="0.0">
    <ignored/>
  </testcase> <!-- @BeforeTest loadconfig -->
  <testcase classname="com.mystore.base.Baseclass" name="@BeforeTest loadconfig" time="0.0">
    <ignored/>
  </testcase> <!-- @BeforeTest loadconfig -->
  <testcase classname="com.mystore.base.Baseclass" name="@BeforeTest loadconfig" time="0.0">
    <ignored/>
  </testcase> <!-- @BeforeTest loadconfig -->
  <testcase classname="com.mystore.base.Baseclass" name="@BeforeTest loadconfig" time="0.0">
    <ignored/>
  </testcase> <!-- @BeforeTest loadconfig -->
  <testcase classname="com.mystore.base.Baseclass" name="@BeforeTest loadconfig" time="0.0">
    <ignored/>
  </testcase> <!-- @BeforeTest loadconfig -->
  <testcase classname="com.mystore.base.Baseclass" name="@BeforeTest loadconfig" time="0.0">
    <ignored/>
  </testcase> <!-- @BeforeTest loadconfig -->
  <testcase classname="com.mystore.base.Baseclass" name="@BeforeTest loadconfig" time="0.0">
    <ignored/>
  </testcase> <!-- @BeforeTest loadconfig -->
  <testcase classname="com.mystore.testcases.IndexPageTest" name="verifyLogo" time="0.0">
    <ignored/>
  </testcase> <!-- verifyLogo -->
  <testcase classname="com.mystore.base.Baseclass" name="@BeforeTest lunchbrowser" time="0.0">
    <ignored/>
  </testcase> <!-- @BeforeTest lunchbrowser -->
  <testcase classname="com.mystore.base.Baseclass" name="@BeforeTest lunchbrowser" time="0.0">
    <ignored/>
  </testcase> <!-- @BeforeTest lunchbrowser -->
  <testcase classname="com.mystore.base.Baseclass" name="@BeforeTest lunchbrowser" time="0.0">
    <ignored/>
  </testcase> <!-- @BeforeTest lunchbrowser -->
  <testcase classname="com.mystore.base.Baseclass" name="@BeforeTest lunchbrowser" time="0.0">
    <ignored/>
  </testcase> <!-- @BeforeTest lunchbrowser -->
  <testcase classname="com.mystore.base.Baseclass" name="@BeforeTest lunchbrowser" time="0.0">
    <ignored/>
  </testcase> <!-- @BeforeTest lunchbrowser -->
  <testcase classname="com.mystore.base.Baseclass" name="@BeforeTest lunchbrowser" time="0.0">
    <ignored/>
  </testcase> <!-- @BeforeTest lunchbrowser -->
  <testcase classname="com.mystore.base.Baseclass" name="@BeforeTest lunchbrowser" time="0.0">
    <ignored/>
  </testcase> <!-- @BeforeTest lunchbrowser -->
  <testcase classname="com.mystore.testcases.HomePageTest" name="validateOrderHistery" time="0.0">
    <ignored/>
  </testcase> <!-- validateOrderHistery -->
  <testcase classname="com.mystore.testcases.SearchResultPageTest" name="productAvablityTest" time="0.0">
    <ignored/>
  </testcase> <!-- productAvablityTest -->
  <testcase classname="com.mystore.testcases.LoginPageTest" name="LoginTest" time="0.0">
    <ignored/>
  </testcase> <!-- LoginTest -->
  <testcase classname="com.mystore.testcases.IndexPageTest" name="verifyTitle" time="0.0">
    <ignored/>
  </testcase> <!-- verifyTitle -->
  <testcase classname="com.mystore.testcases.AccountCreationTest" name="AccountCreationPageTest" time="0.0">
    <ignored/>
  </testcase> <!-- AccountCreationPageTest -->
</testsuite> <!-- Test All Regression TestCases -->
