<?xml version="1.0" encoding="UTF-8"?>
<testng-results ignored="20" total="24" passed="4" failed="0" skipped="0">
  <reporter-output>
  </reporter-output>
  <suite started-at="2023-05-05T23:39:28 IST" name="Suite" finished-at="2023-05-05T23:41:23 IST" duration-ms="115012">
    <groups>
      <group name="Sanity">
        <method signature="AddToCartPageTest.AddToCartTest()[pri:0, instance:com.mystore.testcases.AddToCartPageTest@8297b3a]" name="AddToCartTest" class="com.mystore.testcases.AddToCartPageTest"/>
      </group> <!-- Sanity -->
      <group name="Regression">
        <method signature="AddToCartPageTest.AddToCartTest()[pri:0, instance:com.mystore.testcases.AddToCartPageTest@8297b3a]" name="AddToCartTest" class="com.mystore.testcases.AddToCartPageTest"/>
        <method signature="EndToEndTest.validatingEndToEndFuctionality(java.lang.String,java.lang.String)[pri:0, instance:com.mystore.testcases.EndToEndTest@7d8995e]" name="validatingEndToEndFuctionality" class="com.mystore.testcases.EndToEndTest"/>
        <method signature="OrderPageTest.validateOrderPrice(java.lang.String,java.lang.String,java.lang.String)[pri:0, instance:com.mystore.testcases.OrderPageTest@7817fd62]" name="validateOrderPrice" class="com.mystore.testcases.OrderPageTest"/>
      </group> <!-- Regression -->
    </groups>
    <test started-at="2023-05-05T23:39:28 IST" name="Test All Regression TestCases" finished-at="2023-05-05T23:41:23 IST" duration-ms="115012">
      <class name="com.mystore.testcases.EndToEndTest">
        <test-method is-config="true" signature="setup()[pri:0, instance:com.mystore.testcases.EndToEndTest@7d8995e]" started-at="2023-05-05T23:39:41 IST" name="setup" finished-at="2023-05-05T23:39:47 IST" duration-ms="5970" status="PASS">
          <reporter-output>
          </reporter-output>
        </test-method> <!-- setup -->
        <test-method signature="validatingEndToEndFuctionality(java.lang.String,java.lang.String)[pri:0, instance:com.mystore.testcases.EndToEndTest@7d8995e]" started-at="2023-05-05T23:39:47 IST" name="validatingEndToEndFuctionality" data-provider="logindata" finished-at="2023-05-05T23:40:16 IST" duration-ms="29323" status="PASS">
          <params>
            <param index="0">
              <value>
                <![CDATA[devesh2952@gmail.com]]>
              </value>
            </param>
            <param index="1">
              <value>
                <![CDATA[Devesh123@]]>
              </value>
            </param>
          </params>
          <reporter-output>
          </reporter-output>
        </test-method> <!-- validatingEndToEndFuctionality -->
        <test-method is-config="true" signature="tearDown()[pri:0, instance:com.mystore.testcases.EndToEndTest@7d8995e]" started-at="2023-05-05T23:40:16 IST" name="tearDown" finished-at="2023-05-05T23:40:18 IST" duration-ms="1281" status="PASS">
          <reporter-output>
          </reporter-output>
        </test-method> <!-- tearDown -->
        <test-method is-config="true" signature="setup()[pri:0, instance:com.mystore.testcases.EndToEndTest@7d8995e]" started-at="2023-05-05T23:40:18 IST" name="setup" finished-at="2023-05-05T23:40:24 IST" duration-ms="6403" status="PASS">
          <reporter-output>
          </reporter-output>
        </test-method> <!-- setup -->
        <test-method signature="validatingEndToEndFuctionality(java.lang.String,java.lang.String)[pri:0, instance:com.mystore.testcases.EndToEndTest@7d8995e]" started-at="2023-05-05T23:40:24 IST" name="validatingEndToEndFuctionality" data-provider="logindata" finished-at="2023-05-05T23:40:48 IST" duration-ms="23981" status="PASS">
          <params>
            <param index="0">
              <value>
                <![CDATA[admin@xyz.com]]>
              </value>
            </param>
            <param index="1">
              <value>
                <![CDATA[admin@123]]>
              </value>
            </param>
          </params>
          <reporter-output>
          </reporter-output>
        </test-method> <!-- validatingEndToEndFuctionality -->
        <test-method is-config="true" signature="tearDown()[pri:0, instance:com.mystore.testcases.EndToEndTest@7d8995e]" started-at="2023-05-05T23:40:48 IST" name="tearDown" finished-at="2023-05-05T23:40:49 IST" duration-ms="1241" status="PASS">
          <reporter-output>
          </reporter-output>
        </test-method> <!-- tearDown -->
      </class> <!-- com.mystore.testcases.EndToEndTest -->
      <class name="com.mystore.testcases.AddToCartPageTest">
        <test-method is-config="true" signature="setup()[pri:0, instance:com.mystore.testcases.AddToCartPageTest@8297b3a]" started-at="2023-05-05T23:41:04 IST" name="setup" finished-at="2023-05-05T23:41:11 IST" duration-ms="6879" status="PASS">
          <reporter-output>
          </reporter-output>
        </test-method> <!-- setup -->
        <test-method signature="AddToCartTest()[pri:0, instance:com.mystore.testcases.AddToCartPageTest@8297b3a]" started-at="2023-05-05T23:41:11 IST" name="AddToCartTest" finished-at="2023-05-05T23:41:22 IST" duration-ms="10334" status="PASS">
          <reporter-output>
          </reporter-output>
        </test-method> <!-- AddToCartTest -->
        <test-method is-config="true" signature="tearDown()[pri:0, instance:com.mystore.testcases.AddToCartPageTest@8297b3a]" started-at="2023-05-05T23:41:22 IST" name="tearDown" finished-at="2023-05-05T23:41:23 IST" duration-ms="1262" status="PASS">
          <reporter-output>
          </reporter-output>
        </test-method> <!-- tearDown -->
      </class> <!-- com.mystore.testcases.AddToCartPageTest -->
      <class name="com.mystore.testcases.OrderPageTest">
        <test-method is-config="true" signature="setup()[pri:0, instance:com.mystore.testcases.OrderPageTest@7817fd62]" started-at="2023-05-05T23:40:50 IST" name="setup" finished-at="2023-05-05T23:40:57 IST" duration-ms="6751" status="PASS">
          <reporter-output>
          </reporter-output>
        </test-method> <!-- setup -->
        <test-method signature="validateOrderPrice(java.lang.String,java.lang.String,java.lang.String)[pri:0, instance:com.mystore.testcases.OrderPageTest@7817fd62]" started-at="2023-05-05T23:40:57 IST" name="validateOrderPrice" data-provider="productdata" finished-at="2023-05-05T23:41:04 IST" duration-ms="7237" status="PASS">
          <params>
            <param index="0">
              <value>
                <![CDATA[Summer Dresses]]>
              </value>
            </param>
            <param index="1">
              <value>
                <![CDATA[2]]>
              </value>
            </param>
            <param index="2">
              <value>
                <![CDATA[M]]>
              </value>
            </param>
          </params>
          <reporter-output>
          </reporter-output>
        </test-method> <!-- validateOrderPrice -->
        <test-method is-config="true" signature="tearDown()[pri:0, instance:com.mystore.testcases.OrderPageTest@7817fd62]" started-at="2023-05-05T23:41:04 IST" name="tearDown" finished-at="2023-05-05T23:41:04 IST" duration-ms="409" status="PASS">
          <reporter-output>
          </reporter-output>
        </test-method> <!-- tearDown -->
      </class> <!-- com.mystore.testcases.OrderPageTest -->
      <class name="com.mystore.testcases.LoginPageTest">
        <test-method is-config="true" signature="loadconfig()[pri:0, instance:com.mystore.testcases.LoginPageTest@72967906]" started-at="2023-05-05T23:39:28 IST" name="loadconfig" finished-at="2023-05-05T23:39:28 IST" duration-ms="17" status="PASS">
          <reporter-output>
          </reporter-output>
        </test-method> <!-- loadconfig -->
        <test-method is-config="true" signature="lunchbrowser()[pri:0, instance:com.mystore.testcases.LoginPageTest@72967906]" started-at="2023-05-05T23:39:28 IST" name="lunchbrowser" finished-at="2023-05-05T23:39:39 IST" duration-ms="10662" status="PASS">
          <reporter-output>
          </reporter-output>
        </test-method> <!-- lunchbrowser -->
      </class> <!-- com.mystore.testcases.LoginPageTest -->
    </test> <!-- Test All Regression TestCases -->
  </suite> <!-- Suite -->
</testng-results>
